apps/build/outputs/mapping/release/mapping.txt
# compiler: R8
# compiler_version: 8.9.32
# min_api: 21
# common_typos_disable
# {"id":"com.android.tools.r8.mapping","version":"2.2"}
# pg_map_id: 86706da
# pg_map_hash: SHA-256 86706daeaa5fcef430f71a5d067d2e718e2108916a2fe20a5b6eebb1196d8759
...
androidx.lifecycle.LifecycleRegistry$Companion -> androidx.lifecycle.l$a:
# {"id":"sourceFile","fileName":"LifecycleRegistry.kt"}
    1:1:void <init>(kotlin.jvm.internal.DefaultConstructorMarker):0:0 -> <init>
      # {"id":"com.android.tools.r8.residualsignature","signature":"(LS/b;)V"}
    2:2:void <init>():319:319 -> <init>
    8:15:androidx.lifecycle.Lifecycle$State min$lifecycle_runtime_release(androidx.lifecycle.Lifecycle$State,androidx.lifecycle.Lifecycle$State):336:336 -> a
      # {"id":"com.android.tools.r8.residualsignature","signature":"(Landroidx/lifecycle/f$b;Landroidx/lifecycle/f$b;)Landroidx/lifecycle/f$b;"}
androidx.lifecycle.LifecycleRegistry$ObserverWithState -> androidx.lifecycle.l$b:
# {"id":"sourceFile","fileName":"LifecycleRegistry.kt"}
    androidx.lifecycle.Lifecycle$State state -> a
      # {"id":"com.android.tools.r8.residualsignature","signature":"Landroidx/lifecycle/f$b;"}
    androidx.lifecycle.LifecycleEventObserver lifecycleObserver -> b
      # {"id":"com.android.tools.r8.residualsignature","signature":"Landroidx/lifecycle/i;"}
    6:8:void <init>(androidx.lifecycle.LifecycleObserver,androidx.lifecycle.Lifecycle$State):302:302 -> <init>
      # {"id":"com.android.tools.r8.residualsignature","signature":"(Landroidx/lifecycle/j;Landroidx/lifecycle/f$b;)V"}
    9:17:void <init>(androidx.lifecycle.LifecycleObserver,androidx.lifecycle.Lifecycle$State):307:307 -> <init>
    18:20:void <init>(androidx.lifecycle.LifecycleObserver,androidx.lifecycle.Lifecycle$State):308:308 -> <init>
    6:9:void dispatchEvent(androidx.lifecycle.LifecycleOwner,androidx.lifecycle.Lifecycle$Event):312:312 -> a
      # {"id":"com.android.tools.r8.residualsignature","signature":"(Landroidx/lifecycle/k;Landroidx/lifecycle/f$a;)V"}
    10:19:void dispatchEvent(androidx.lifecycle.LifecycleOwner,androidx.lifecycle.Lifecycle$Event):313:313 -> a
    20:27:void dispatchEvent(androidx.lifecycle.LifecycleOwner,androidx.lifecycle.Lifecycle$Event):314:314 -> a
    28:30:void dispatchEvent(androidx.lifecycle.LifecycleOwner,androidx.lifecycle.Lifecycle$Event):315:315 -> a
androidx.lifecycle.Lifecycling -> androidx.lifecycle.m:
# {"id":"sourceFile","fileName":"Lifecycling.kt"}
    androidx.lifecycle.Lifecycling INSTANCE -> a
      # {"id":"com.android.tools.r8.residualsignature","signature":"Landroidx/lifecycle/m;"}
    java.util.Map callbackCache -> b
    java.util.Map classToAdapters -> c
    8:14:void <clinit>():31:31 -> <clinit>
    15:22:void <clinit>():33:33 -> <clinit>
    1:4:void <init>():27:27 -> <init>
    2:10:androidx.lifecycle.GeneratedAdapter createGeneratedAdapter(java.lang.reflect.Constructor,java.lang.Object):75:75 -> a
      # {"id":"com.android.tools.r8.residualsignature","signature":"(Ljava/lang/reflect/Constructor;Ljava/lang/Object;)Landroidx/lifecycle/e;"}
    11:26:androidx.lifecycle.GeneratedAdapter createGeneratedAdapter(java.lang.reflect.Constructor,java.lang.Object):74:74 -> a
    27:32:androidx.lifecycle.GeneratedAdapter createGeneratedAdapter(java.lang.reflect.Constructor,java.lang.Object):81:81 -> a
    33:38:androidx.lifecycle.GeneratedAdapter createGeneratedAdapter(java.lang.reflect.Constructor,java.lang.Object):79:79 -> a
    39:44:androidx.lifecycle.GeneratedAdapter createGeneratedAdapter(java.lang.reflect.Constructor,java.lang.Object):77:77 -> a
    2:5:java.lang.reflect.Constructor generatedConstructor(java.lang.Class):88:88 -> b
    6:11:java.lang.reflect.Constructor generatedConstructor(java.lang.Class):89:89 -> b
    12:20:java.lang.reflect.Constructor generatedConstructor(java.lang.Class):90:90 -> b